TN:
SF:src/class/Note.ts
FN:11,(anonymous_0)
FN:17,(anonymous_1)
FN:24,(anonymous_2)
FN:31,(anonymous_3)
FN:38,(anonymous_4)
FN:45,(anonymous_5)
FN:52,(anonymous_6)
FN:59,(anonymous_7)
FNF:8
FNH:8
FNDA:6,(anonymous_0)
FNDA:11,(anonymous_1)
FNDA:2,(anonymous_2)
FNDA:2,(anonymous_3)
FNDA:1,(anonymous_4)
FNDA:1,(anonymous_5)
FNDA:1,(anonymous_6)
FNDA:1,(anonymous_7)
DA:4,1
DA:11,6
DA:18,11
DA:25,2
DA:32,2
DA:39,1
DA:46,1
DA:53,1
DA:60,1
DA:61,1
LF:10
LH:10
BRF:0
BRH:0
end_of_record
TN:
SF:src/class/User.ts
FN:14,(anonymous_0)
FN:21,(anonymous_1)
FN:24,(anonymous_2)
FN:27,(anonymous_3)
FN:34,(anonymous_4)
FN:35,(anonymous_5)
FN:41,(anonymous_6)
FN:49,(anonymous_7)
FN:51,(anonymous_8)
FNF:9
FNH:9
FNDA:3,(anonymous_0)
FNDA:1,(anonymous_1)
FNDA:10,(anonymous_2)
FNDA:5,(anonymous_3)
FNDA:2,(anonymous_4)
FNDA:3,(anonymous_5)
FNDA:4,(anonymous_6)
FNDA:2,(anonymous_7)
FNDA:2,(anonymous_8)
DA:5,1
DA:14,3
DA:15,3
DA:22,1
DA:25,10
DA:28,5
DA:35,3
DA:42,4
DA:50,2
DA:51,2
DA:52,1
DA:54,1
DA:56,2
LF:13
LH:13
BRDA:51,0,0,1
BRDA:51,0,1,1
BRF:2
BRH:2
end_of_record
TN:
SF:src/class/listUsers.ts
FN:6,(anonymous_0)
FN:9,(anonymous_1)
FN:17,(anonymous_2)
FN:19,(anonymous_3)
FN:26,(anonymous_4)
FN:27,(anonymous_5)
FN:33,(anonymous_6)
FN:36,(anonymous_7)
FN:38,(anonymous_8)
FNF:9
FNH:9
FNDA:1,(anonymous_0)
FNDA:2,(anonymous_1)
FNDA:1,(anonymous_2)
FNDA:1,(anonymous_3)
FNDA:1,(anonymous_4)
FNDA:2,(anonymous_5)
FNDA:2,(anonymous_6)
FNDA:1,(anonymous_7)
FNDA:2,(anonymous_8)
DA:4,1
DA:7,1
DA:10,2
DA:18,1
DA:19,1
DA:20,1
DA:22,0
DA:24,1
DA:27,1
DA:28,2
DA:29,1
DA:34,2
DA:37,1
DA:38,1
DA:39,2
DA:40,1
DA:43,1
LF:17
LH:16
BRDA:19,0,0,1
BRDA:19,0,1,0
BRDA:28,1,0,1
BRDA:28,1,1,1
BRDA:39,2,0,1
BRDA:39,2,1,1
BRF:6
BRH:5
end_of_record
